{"total": {"lines":{"total":538,"covered":538,"skipped":0,"pct":100},"statements":{"total":568,"covered":568,"skipped":0,"pct":100},"functions":{"total":123,"covered":123,"skipped":0,"pct":100},"branches":{"total":333,"covered":333,"skipped":0,"pct":100},"branchesTrue":{"total":0,"covered":0,"skipped":0,"pct":100}}
,"C:\\Users\\jtsag\\Desktop\\GitHub Projects\\simple-osc-lib\\index.js": {"lines":{"total":372,"covered":372,"skipped":0,"pct":100},"functions":{"total":62,"covered":62,"skipped":0,"pct":100},"statements":{"total":382,"covered":382,"skipped":0,"pct":100},"branches":{"total":233,"covered":233,"skipped":0,"pct":100}}
,"C:\\Users\\jtsag\\Desktop\\GitHub Projects\\simple-osc-lib\\x32.js": {"lines":{"total":86,"covered":86,"skipped":0,"pct":100},"functions":{"total":6,"covered":6,"skipped":0,"pct":100},"statements":{"total":89,"covered":89,"skipped":0,"pct":100},"branches":{"total":60,"covered":60,"skipped":0,"pct":100}}
,"C:\\Users\\jtsag\\Desktop\\GitHub Projects\\simple-osc-lib\\lib\\x32_preprocessors.js": {"lines":{"total":80,"covered":80,"skipped":0,"pct":100},"functions":{"total":55,"covered":55,"skipped":0,"pct":100},"statements":{"total":97,"covered":97,"skipped":0,"pct":100},"branches":{"total":40,"covered":40,"skipped":0,"pct":100}}
}
