{"total": {"lines":{"total":537,"covered":537,"skipped":0,"pct":100},"statements":{"total":567,"covered":567,"skipped":0,"pct":100},"functions":{"total":123,"covered":123,"skipped":0,"pct":100},"branches":{"total":331,"covered":331,"skipped":0,"pct":100},"branchesTrue":{"total":0,"covered":0,"skipped":0,"pct":100}}
,"C:\\Users\\jtsag\\Desktop\\GitHub Projects\\simple-osc-lib\\index.js": {"lines":{"total":371,"covered":371,"skipped":0,"pct":100},"functions":{"total":62,"covered":62,"skipped":0,"pct":100},"statements":{"total":381,"covered":381,"skipped":0,"pct":100},"branches":{"total":231,"covered":231,"skipped":0,"pct":100}}
,"C:\\Users\\jtsag\\Desktop\\GitHub Projects\\simple-osc-lib\\x32.js": {"lines":{"total":86,"covered":86,"skipped":0,"pct":100},"functions":{"total":6,"covered":6,"skipped":0,"pct":100},"statements":{"total":89,"covered":89,"skipped":0,"pct":100},"branches":{"total":60,"covered":60,"skipped":0,"pct":100}}
,"C:\\Users\\jtsag\\Desktop\\GitHub Projects\\simple-osc-lib\\lib\\x32_preprocessors.js": {"lines":{"total":80,"covered":80,"skipped":0,"pct":100},"functions":{"total":55,"covered":55,"skipped":0,"pct":100},"statements":{"total":97,"covered":97,"skipped":0,"pct":100},"branches":{"total":40,"covered":40,"skipped":0,"pct":100}}
}
